<?xml version="1.0" encoding="utf-8"?><testsuites><testsuite name="pytest" errors="0" failures="0" skipped="3" tests="147" time="3.727" timestamp="2025-10-22T20:59:45.561278" hostname="Abhisheks-MacBook-Air.local"><testcase classname="tests.can_data_platform.integration.test_sqs_connectivity" name="test_sqs_send_receive_delete" time="2.493" /><testcase classname="tests.can_data_platform.unit.test_e2e_telemetry.TestQueueMonitor" name="test_get_queue_depth_boto_error" time="0.001" /><testcase classname="tests.can_data_platform.unit.test_e2e_telemetry.TestQueueMonitor" name="test_get_queue_depth_success" time="0.000" /><testcase classname="tests.can_data_platform.unit.test_e2e_telemetry.TestQueueMonitor" name="test_queue_monitor_default_region" time="0.000" /><testcase classname="tests.can_data_platform.unit.test_e2e_telemetry.TestQueueMonitor" name="test_queue_monitor_initialization" time="0.000" /><testcase classname="tests.can_data_platform.unit.test_e2e_telemetry.TestEventGenerator" name="test_event_generator_default_modules" time="0.000" /><testcase classname="tests.can_data_platform.unit.test_e2e_telemetry.TestEventGenerator" name="test_event_generator_initialization" time="0.000" /><testcase classname="tests.can_data_platform.unit.test_e2e_telemetry.TestEventGenerator" name="test_generate_events" time="0.001" /><testcase classname="tests.can_data_platform.unit.test_e2e_telemetry.TestEventGenerator" name="test_publish_to_sqs_success" time="0.000" /><testcase classname="tests.can_data_platform.unit.test_e2e_telemetry.TestEventGenerator" name="test_publish_to_sqs_with_failures" time="0.000" /><testcase classname="tests.can_data_platform.unit.test_e2e_telemetry.TestEventGenerator" name="test_save_events_to_file" time="0.001" /><testcase classname="tests.can_data_platform.unit.test_e2e_telemetry.TestMessageProcessor" name="test_get_stats_empty" time="0.000" /><testcase classname="tests.can_data_platform.unit.test_e2e_telemetry.TestMessageProcessor" name="test_get_stats_with_data" time="0.000" /><testcase classname="tests.can_data_platform.unit.test_e2e_telemetry.TestMessageProcessor" name="test_message_processor_initialization" time="0.000" /><testcase classname="tests.can_data_platform.unit.test_e2e_telemetry.TestMessageProcessor" name="test_process_message_invalid_json" time="0.001" /><testcase classname="tests.can_data_platform.unit.test_e2e_telemetry.TestMessageProcessor" name="test_process_message_valid_json" time="0.002" /><testcase classname="tests.can_data_platform.unit.test_e2e_telemetry.TestMessageProcessor" name="test_process_message_without_timestamp" time="0.000" /><testcase classname="tests.can_data_platform.unit.test_e2e_telemetry.TestMessageProcessor" name="test_save_processing_metrics" time="0.002" /><testcase classname="tests.can_data_platform.unit.test_e2e_telemetry.TestConcurrentConsumer" name="test_concurrent_consumer_initialization" time="0.000" /><testcase classname="tests.can_data_platform.unit.test_e2e_telemetry.TestConcurrentConsumer" name="test_consume_batch_no_messages" time="0.000" /><testcase classname="tests.can_data_platform.unit.test_e2e_telemetry.TestConcurrentConsumer" name="test_delete_message_success" time="0.000" /><testcase classname="tests.can_data_platform.unit.test_e2e_telemetry.TestConcurrentConsumer" name="test_receive_messages_no_messages" time="0.000" /><testcase classname="tests.can_data_platform.unit.test_e2e_telemetry.TestConcurrentConsumer" name="test_receive_messages_success" time="0.000" /><testcase classname="tests.can_data_platform.unit.test_e2e_telemetry.TestE2ETelemetryOrchestrator" name="test_orchestrator_initialization" time="0.000" /><testcase classname="tests.can_data_platform.unit.test_e2e_telemetry.TestCreateParser" name="test_parser_creation" time="0.001" /><testcase classname="tests.can_data_platform.unit.test_e2e_telemetry.TestCreateParser" name="test_parser_custom_arguments" time="0.000" /><testcase classname="tests.can_data_platform.unit.test_e2e_telemetry.TestCreateParser" name="test_parser_default_arguments" time="0.000" /><testcase classname="tests.can_data_platform.unit.test_e2e_telemetry.TestCreateParser" name="test_parser_invalid_arguments" time="0.001" /><testcase classname="tests.can_data_platform.unit.test_issue_deployer.TestFetchMilestones" name="test_fetch_milestones_success" time="0.001" /><testcase classname="tests.can_data_platform.unit.test_issue_deployer.TestFetchMilestones" name="test_fetch_milestones_failure" time="0.001" /><testcase classname="tests.can_data_platform.unit.test_issue_deployer.TestDisplayMilestones" name="test_display_milestones" time="0.000" /><testcase classname="tests.can_data_platform.unit.test_issue_deployer.TestLoadIssuesFromJson" name="test_load_issues_from_json_with_milestone" time="0.006" /><testcase classname="tests.can_data_platform.unit.test_issue_deployer.TestLoadIssuesFromJson" name="test_load_issues_from_json_without_milestone" time="0.001" /><testcase classname="tests.can_data_platform.unit.test_issue_deployer.TestLoadIssuesFromJson" name="test_load_issues_from_json_file_not_found" time="0.000" /><testcase classname="tests.can_data_platform.unit.test_issue_deployer.TestLoadIssuesFromJson" name="test_load_issues_from_json_invalid_json" time="0.001" /><testcase classname="tests.can_data_platform.unit.test_issue_deployer.TestUserInteractions" name="test_get_milestone_assignment_valid_number" time="0.000" /><testcase classname="tests.can_data_platform.unit.test_issue_deployer.TestUserInteractions" name="test_get_milestone_assignment_empty_input" time="0.000" /><testcase classname="tests.can_data_platform.unit.test_issue_deployer.TestUserInteractions" name="test_get_milestone_assignment_non_numeric" time="0.000" /><testcase classname="tests.can_data_platform.unit.test_issue_deployer.TestUserInteractions" name="test_confirm_deployment_yes" time="0.000" /><testcase classname="tests.can_data_platform.unit.test_issue_deployer.TestUserInteractions" name="test_confirm_deployment_yes_lowercase" time="0.000" /><testcase classname="tests.can_data_platform.unit.test_issue_deployer.TestUserInteractions" name="test_confirm_deployment_no" time="0.000" /><testcase classname="tests.can_data_platform.unit.test_issue_deployer.TestUserInteractions" name="test_confirm_deployment_empty" time="0.000" /><testcase classname="tests.can_data_platform.unit.test_issue_deployer.TestDeployIssues" name="test_deploy_issues_success" time="0.001" /><testcase classname="tests.can_data_platform.unit.test_issue_deployer.TestDeployIssues" name="test_deploy_issues_no_milestone" time="0.001" /><testcase classname="tests.can_data_platform.unit.test_issue_deployer.TestDeployIssues" name="test_deploy_issues_api_failure" time="0.001" /><testcase classname="tests.can_data_platform.unit.test_issue_deployer.TestDeployIssues" name="test_deploy_issues_network_timeout" time="0.001" /><testcase classname="tests.can_data_platform.unit.test_issue_deployer.TestMainFunction" name="test_main_missing_arguments" time="0.000" /><testcase classname="tests.can_data_platform.unit.test_issue_deployer.TestMainFunction" name="test_main_user_abort" time="0.001" /><testcase classname="tests.can_data_platform.unit.test_issue_deployer.TestMainFunction" name="test_main_successful_deployment" time="0.001" /><testcase classname="tests.can_data_platform.unit.test_issue_deployer.TestConfigurationAndSetup" name="test_missing_environment_variables" time="0.000"><skipped type="pytest.skip" message="Env var testing complex due to import caching">/Users/abhisheksingh/Desktop/automotive-devops-platform/tests/can_data_platform/unit/test_issue_deployer.py:434: Env var testing complex due to import caching</skipped></testcase><testcase classname="tests.can_data_platform.unit.test_issue_deployer.TestConfigurationAndSetup" name="test_request_timeout_configuration" time="0.003" /><testcase classname="tests.can_data_platform.unit.test_issue_deployer.TestConfigurationAndSetup" name="test_headers_configuration" time="0.001" /><testcase classname="tests.can_data_platform.unit.test_issue_deployer.TestConfigurationAndSetup" name="test_base_url_configuration" time="0.001" /><testcase classname="tests.can_data_platform.unit.test_issue_deployer.TestCodeQuality" name="test_module_docstring" time="0.000" /><testcase classname="tests.can_data_platform.unit.test_issue_deployer.TestCodeQuality" name="test_all_functions_have_docstrings" time="0.000" /><testcase classname="tests.can_data_platform.unit.test_setup_sqs.TestSetupSQSArgumentParsing" name="test_command_line_arguments_override_environment" time="0.001" /><testcase classname="tests.can_data_platform.unit.test_setup_sqs.TestSetupSQSArgumentParsing" name="test_queue_name_from_environment" time="0.001" /><testcase classname="tests.can_data_platform.unit.test_setup_sqs.TestSetupSQSArgumentParsing" name="test_required_queue_name_missing" time="0.001" /><testcase classname="tests.can_data_platform.unit.test_setup_sqs.TestSetupSQSQueueCreation" name="test_queue_creation_with_custom_region" time="0.001" /><testcase classname="tests.can_data_platform.unit.test_setup_sqs.TestSetupSQSQueueCreation" name="test_queue_creation_with_encryption" time="0.001" /><testcase classname="tests.can_data_platform.unit.test_setup_sqs.TestSetupSQSQueueCreation" name="test_successful_queue_creation" time="0.001" /><testcase classname="tests.can_data_platform.unit.test_setup_sqs.TestSetupSQSIAMPolicyGeneration" name="test_iam_policy_generation_queue_arn_error" time="0.001" /><testcase classname="tests.can_data_platform.unit.test_setup_sqs.TestSetupSQSIAMPolicyGeneration" name="test_iam_policy_generation_success" time="0.000"><skipped type="pytest.skip" message="Path mocking needs refactoring - skipping for now">/Users/abhisheksingh/Desktop/automotive-devops-platform/tests/can_data_platform/unit/test_setup_sqs.py:163: Path mocking needs refactoring - skipping for now</skipped></testcase><testcase classname="tests.can_data_platform.unit.test_setup_sqs.TestSetupSQSIAMPolicyGeneration" name="test_iam_policy_generation_value_error" time="0.001" /><testcase classname="tests.can_data_platform.unit.test_setup_sqs.TestSetupSQSIntegration" name="test_complete_workflow_with_iam_policies" time="0.000"><skipped type="pytest.skip" message="Path mocking needs refactoring - skipping for now">/Users/abhisheksingh/Desktop/automotive-devops-platform/tests/can_data_platform/unit/test_setup_sqs.py:319: Path mocking needs refactoring - skipping for now</skipped></testcase><testcase classname="tests.can_data_platform.unit.test_setup_sqs.TestSetupSQSIntegration" name="test_environment_variables_integration" time="0.001" /><testcase classname="tests.can_data_platform.unit.test_setup_sqs.TestSetupSQSModuleImports" name="test_setup_project_path_adds_to_sys_path" time="0.001" /><testcase classname="tests.can_data_platform.unit.test_setup_sqs.TestSetupSQSModuleImports" name="test_setup_project_path_function_exists" time="0.000" /><testcase classname="tests.can_data_platform.unit.test_sim_receive.TestReceiveEvent" name="test_receive_event_array_payload" time="0.009" /><testcase classname="tests.can_data_platform.unit.test_sim_receive.TestReceiveEvent" name="test_receive_event_boolean_values" time="0.002" /><testcase classname="tests.can_data_platform.unit.test_sim_receive.TestReceiveEvent" name="test_receive_event_empty_payload" time="0.002" /><testcase classname="tests.can_data_platform.unit.test_sim_receive.TestReceiveEvent" name="test_receive_event_large_payload" time="0.002" /><testcase classname="tests.can_data_platform.unit.test_sim_receive.TestReceiveEvent" name="test_receive_event_logging_called" time="0.002" /><testcase classname="tests.can_data_platform.unit.test_sim_receive.TestReceiveEvent" name="test_receive_event_nested_payload" time="0.002" /><testcase classname="tests.can_data_platform.unit.test_sim_receive.TestReceiveEvent" name="test_receive_event_null_values" time="0.001" /><testcase classname="tests.can_data_platform.unit.test_sim_receive.TestReceiveEvent" name="test_receive_event_numeric_values" time="0.001" /><testcase classname="tests.can_data_platform.unit.test_sim_receive.TestReceiveEvent" name="test_receive_event_response_structure" time="0.001" /><testcase classname="tests.can_data_platform.unit.test_sim_receive.TestReceiveEvent" name="test_receive_event_special_characters" time="0.002" /><testcase classname="tests.can_data_platform.unit.test_sim_receive.TestReceiveEvent" name="test_receive_event_valid_payload" time="0.002" /><testcase classname="tests.can_data_platform.unit.test_sim_receive.TestFastAPIEndpoints" name="test_concurrent_requests" time="0.011" /><testcase classname="tests.can_data_platform.unit.test_sim_receive.TestFastAPIEndpoints" name="test_content_type_validation" time="0.002" /><testcase classname="tests.can_data_platform.unit.test_sim_receive.TestFastAPIEndpoints" name="test_endpoint_exists" time="0.001" /><testcase classname="tests.can_data_platform.unit.test_sim_receive.TestFastAPIEndpoints" name="test_endpoint_method_post_only" time="0.002" /><testcase classname="tests.can_data_platform.unit.test_sim_receive.TestFastAPIEndpoints" name="test_invalid_json_payload" time="0.002" /><testcase classname="tests.can_data_platform.unit.test_sim_receive.TestAsyncBehavior" name="test_async_endpoint_execution" time="0.003" /><testcase classname="tests.can_data_platform.unit.test_sim_receive.TestAsyncBehavior" name="test_timestamp_in_logging" time="0.003" /><testcase classname="tests.can_data_platform.unit.test_sim_receive.TestErrorHandling" name="test_extremely_large_payload" time="0.004" /><testcase classname="tests.can_data_platform.unit.test_sim_receive.TestErrorHandling" name="test_missing_endpoint" time="0.001" /><testcase classname="tests.can_data_platform.unit.test_sim_receive.TestErrorHandling" name="test_wrong_http_method" time="0.001" /><testcase classname="tests.can_data_platform.unit.test_sim_sender.TestSendEvents" name="test_send_events_all_fail" time="0.002" /><testcase classname="tests.can_data_platform.unit.test_sim_sender.TestSendEvents" name="test_send_events_connection_error" time="0.002" /><testcase classname="tests.can_data_platform.unit.test_sim_sender.TestSendEvents" name="test_send_events_custom_endpoint" time="0.002" /><testcase classname="tests.can_data_platform.unit.test_sim_sender.TestSendEvents" name="test_send_events_empty_file" time="0.001" /><testcase classname="tests.can_data_platform.unit.test_sim_sender.TestSendEvents" name="test_send_events_file_not_found" time="0.000" /><testcase classname="tests.can_data_platform.unit.test_sim_sender.TestSendEvents" name="test_send_events_http_error" time="0.002" /><testcase classname="tests.can_data_platform.unit.test_sim_sender.TestSendEvents" name="test_send_events_malformed_json" time="0.001" /><testcase classname="tests.can_data_platform.unit.test_sim_sender.TestSendEvents" name="test_send_events_partial_failure" time="0.002" /><testcase classname="tests.can_data_platform.unit.test_sim_sender.TestSendEvents" name="test_send_events_request_timeout" time="0.002" /><testcase classname="tests.can_data_platform.unit.test_sim_sender.TestSendEvents" name="test_send_events_request_timeout_parameter" time="0.002" /><testcase classname="tests.can_data_platform.unit.test_sim_sender.TestSendEvents" name="test_send_events_response_status_logged" time="0.002" /><testcase classname="tests.can_data_platform.unit.test_sim_sender.TestSendEvents" name="test_send_events_single_event" time="0.002" /><testcase classname="tests.can_data_platform.unit.test_sim_sender.TestSendEvents" name="test_send_events_success_all_paths" time="0.002" /><testcase classname="tests.can_data_platform.unit.test_sim_sender.TestSendEventsIntegration" name="test_send_events_with_real_file" time="0.001" /><testcase classname="tests.can_data_platform.unit.test_sqs_config.TestSQSQueueConfig" name="test_default_values" time="0.000" /><testcase classname="tests.can_data_platform.unit.test_sqs_config.TestSQSQueueConfig" name="test_custom_values" time="0.000" /><testcase classname="tests.can_data_platform.unit.test_sqs_config.TestSQSQueueConfig" name="test_from_environment_variables" time="0.000" /><testcase classname="tests.can_data_platform.unit.test_sqs_config.TestSQSQueueConfig" name="test_queue_name_required" time="0.000" /><testcase classname="tests.can_data_platform.unit.test_sqs_config.TestSQSQueueConfig" name="test_encryption_boolean" time="0.000" /><testcase classname="tests.can_data_platform.unit.test_sqs_config.TestSQSQueueConfig" name="test_numeric_constraints" time="0.000" /><testcase classname="tests.can_data_platform.unit.test_sqs_manager.TestSQSQueueManager" name="test_init" time="0.001" /><testcase classname="tests.can_data_platform.unit.test_sqs_manager.TestSQSQueueManager" name="test_init_with_profile" time="0.001" /><testcase classname="tests.can_data_platform.unit.test_sqs_manager.TestSQSQueueManager" name="test_create_queue_success" time="0.001" /><testcase classname="tests.can_data_platform.unit.test_sqs_manager.TestSQSQueueManager" name="test_create_queue_with_encryption" time="0.001" /><testcase classname="tests.can_data_platform.unit.test_sqs_manager.TestSQSQueueManager" name="test_create_queue_exception" time="0.001" /><testcase classname="tests.can_data_platform.unit.test_sqs_manager.TestSQSQueueManager" name="test_send_test_message_success" time="0.001" /><testcase classname="tests.can_data_platform.unit.test_sqs_manager.TestSQSQueueManager" name="test_send_test_message_default_payload" time="0.001" /><testcase classname="tests.can_data_platform.unit.test_sqs_manager.TestSQSQueueManager" name="test_receive_test_message_success" time="0.001" /><testcase classname="tests.can_data_platform.unit.test_sqs_manager.TestSQSQueueManager" name="test_receive_test_message_no_messages" time="0.001" /><testcase classname="tests.can_data_platform.unit.test_sqs_policy.TestSQSPolicyFunctions" name="test_sqs_producer_policy_structure" time="0.000" /><testcase classname="tests.can_data_platform.unit.test_sqs_policy.TestSQSPolicyFunctions" name="test_sqs_consumer_policy_structure" time="0.000" /><testcase classname="tests.can_data_platform.unit.test_sqs_policy.TestSQSPolicyFunctions" name="test_producer_policy_different_arns" time="0.000" /><testcase classname="tests.can_data_platform.unit.test_sqs_policy.TestSQSPolicyFunctions" name="test_consumer_policy_different_arns" time="0.000" /><testcase classname="tests.can_data_platform.unit.test_sqs_policy.TestSQSPolicyFunctions" name="test_policy_json_serializable" time="0.000" /><testcase classname="tests.can_data_platform.unit.test_sqs_policy.TestSQSPolicyFunctions" name="test_producer_consumer_policy_differences" time="0.000" /><testcase classname="tests.can_data_platform.unit.test_sqs_policy.TestSQSPolicyFunctions" name="test_policy_sid_uniqueness" time="0.000" /><testcase classname="tests.can_data_platform.unit.test_sqs_usage_report.TestSQSUsageReport" name="test_sqs_usage_report_boto_error" time="0.001" /><testcase classname="tests.can_data_platform.unit.test_sqs_usage_report.TestSQSUsageReport" name="test_sqs_usage_report_custom_region" time="0.001" /><testcase classname="tests.can_data_platform.unit.test_sqs_usage_report.TestSQSUsageReport" name="test_sqs_usage_report_high_message_count" time="0.001" /><testcase classname="tests.can_data_platform.unit.test_sqs_usage_report.TestSQSUsageReport" name="test_sqs_usage_report_success" time="0.001" /><testcase classname="tests.can_data_platform.unit.test_sqs_usage_report.TestSQSUsageReport" name="test_sqs_usage_report_zero_messages" time="0.001" /><testcase classname="tests.can_data_platform.unit.test_sqs_usage_report.TestSetupProjectPath" name="test_setup_project_path_adds_path" time="0.001" /><testcase classname="tests.can_data_platform.unit.test_sqs_usage_report.TestSetupProjectPath" name="test_setup_project_path_already_exists" time="0.000" /><testcase classname="tests.can_data_platform.unit.test_sqs_usage_report.TestMainExecution" name="test_main_execution_missing_queue_url" time="0.001" /><testcase classname="tests.can_data_platform.unit.test_sqs_usage_report.TestMainExecution" name="test_main_execution_with_queue_url" time="0.001" /><testcase classname="tests.can_data_platform.unit.test_sqs_usage_report.TestMainExecution" name="test_queue_url_environment_variable_handling" time="0.001" /><testcase classname="tests.can_data_platform.unit.test_sqs_usage_report.TestMainExecution" name="test_queue_url_none_handling" time="0.000" /><testcase classname="tests.can_data_platform.unit.test_sqs_usage_report.TestEnvironmentConfiguration" name="test_custom_aws_region" time="0.001" /><testcase classname="tests.can_data_platform.unit.test_sqs_usage_report.TestEnvironmentConfiguration" name="test_default_aws_region" time="0.001" /><testcase classname="tests.can_data_platform.unit.test_utils_config.TestUtilsConfig" name="test_config_imports_without_dotenv" time="0.006" /><testcase classname="tests.can_data_platform.unit.test_utils_config.TestUtilsConfig" name="test_api_key_default_value" time="0.001" /><testcase classname="tests.can_data_platform.unit.test_utils_config.TestUtilsConfig" name="test_api_key_from_environment" time="0.003" /><testcase classname="tests.can_data_platform.unit.test_utils_config.TestUtilsConfig" name="test_batch_size_default_value" time="0.001" /><testcase classname="tests.can_data_platform.unit.test_utils_config.TestUtilsConfig" name="test_batch_size_from_environment" time="0.003" /><testcase classname="tests.can_data_platform.unit.test_utils_config.TestUtilsConfig" name="test_batch_size_integer_conversion" time="0.009" /><testcase classname="tests.can_data_platform.unit.test_utils_config.TestUtilsConfig" name="test_config_with_dotenv_available" time="0.000" /><testcase classname="tests.can_data_platform.unit.test_utils_config.TestUtilsConfig" name="test_multiple_environment_variables" time="0.003" /><testcase classname="tests.can_data_platform.unit.test_utils_config.TestUtilsConfig" name="test_config_module_attributes" time="0.000" /></testsuite></testsuites>